Arguments: 
  F:\Zeya\IDEs\node js\node.exe C:\Users\asus\AppData\Roaming\npm\node_modules\yarn\bin\yarn.js install

PATH: 
  C:\Users\asus\bin;F:\Zeya\IDEs\Git\mingw64\bin;F:\Zeya\IDEs\Git\usr\local\bin;F:\Zeya\IDEs\Git\usr\bin;F:\Zeya\IDEs\Git\usr\bin;F:\Zeya\IDEs\Git\mingw64\bin;F:\Zeya\IDEs\Git\usr\bin;C:\Users\asus\bin;C:\Python310\Scripts;C:\Python310;C:\WINDOWS\system32;C:\WINDOWS;C:\WINDOWS\System32\Wbem;C:\WINDOWS\System32\WindowsPowerShell\v1.0;C:\WINDOWS\System32\OpenSSH;F:\Zeya\IDEs\node js;C:\ProgramData\chocolatey\bin;F:\Zeya\IDEs\Git\cmd;F:\Zeya\IDEs\xampp\php;C:\ProgramData\ComposerSetup\bin;C:\Users\asus\AppData\Local\Microsoft\WindowsApps;F:\Zeya\IDEs\vs-code\Microsoft VS Code\Microsoft VS Code\bin;F:\Zeya\IDEs\IntelliJ IDEA Community Edition 2021.3.2\bin;C:\Users\asus\AppData\Roaming\npm;F:\Zeya\IDEs\Heroku cli\heroku\bin;C:\Users\asus\AppData\Roaming\Composer\vendor\bin;F:\Zeya\IDEs\flutter\bin;F:\Zeya\IDEs\Git\usr\bin\vendor_perl;F:\Zeya\IDEs\Git\usr\bin\core_perl

Yarn version: 
  1.22.19

Node version: 
  16.14.2

Platform: 
  win32 x64

Trace: 
  Error: https://registry.yarnpkg.com/date-fns/-/date-fns-2.30.0.tgz: ESOCKETTIMEDOUT
      at ClientRequest.<anonymous> (C:\Users\asus\AppData\Roaming\npm\node_modules\yarn\lib\cli.js:141517:19)
      at Object.onceWrapper (node:events:645:28)
      at ClientRequest.emit (node:events:526:28)
      at TLSSocket.emitRequestTimeout (node:_http_client:758:9)
      at Object.onceWrapper (node:events:645:28)
      at TLSSocket.emit (node:events:538:35)
      at TLSSocket.Socket._onTimeout (node:net:501:8)
      at listOnTimeout (node:internal/timers:559:17)
      at processTimers (node:internal/timers:502:7)

npm manifest: 
  {
    "name": "Cloud-Kitchen-app-2023",
    "version": "1.0.0",
    "description": "ecommerce rest api",
    "main": "server.js",
    "type": "module",
    "scripts": {
      "start": "node server.js",
      "server": "nodemon server.js",
      "client": "npm start --prefix ./client",
      "dev": "concurrently \"npm run server\" \"npm run client\""
    },
    "keywords": [],
    "author": "Bhat Hazim",
    "license": "MIT",
    "dependencies": {
      "@sendgrid/mail": "^7.7.0",
      "bcrypt": "^5.1.0",
      "braintree": "^3.13.0",
      "colors": "^1.4.0",
      "concurrently": "^7.6.0",
      "cors": "^2.8.5",
      "dotenv": "^16.0.3",
      "express": "^4.18.2",
      "express-formidable": "^1.2.0",
      "jsonwebtoken": "^9.0.0",
      "mongoose": "^6.8.4",
      "morgan": "^1.10.0",
      "nodemon": "^2.0.20",
      "react-icons": "^4.7.1",
      "slugify": "^1.6.5"
    }
  }

yarn manifest: 
  No manifest

Lockfile: 
  No lockfile
